2024-02-01 01:59:20.893 - INFO - 29160 - azureml.train.automl.run._log_activity:55 - ActivityStarted: GetOutput
2024-02-01 01:59:20.921 - INFO - 29160 - azureml.train.automl.run._log_activity:55 - ActivityStarted: GetOutput
2024-02-01 01:59:20.952 - INFO - 29160 - azureml.train.automl.run._log_activity:55 - ActivityStarted: GetChildren
2024-02-01 01:59:21.096 - INFO - 29160 - azureml.train.automl.run._log_activity:89 - ActivityCompleted: Activity=GetChildren, HowEnded=Success, Duration=144.69[ms]
2024-02-01 01:59:21.152 - INFO - 29160 - azureml.train.automl.run._log_activity:89 - ActivityCompleted: Activity=GetOutput, HowEnded=Success, Duration=230.49[ms]
2024-02-01 01:59:21.152 - INFO - 29160 - azureml.train.automl._model_download_utilities._log_activity:55 - ActivityStarted: DownloadModel
2024-02-01 01:59:21.614 - INFO - 29160 - azureml.automl.runtime.featurization.data_transformer.__init__:190 - Feature sweeping enabled: False
2024-02-01 01:59:21.615 - INFO - 29160 - azureml.automl.runtime.featurization.data_transformer.__init__:191 - Feature sweeping timeout: 86400
2024-02-01 01:59:21.652 - INFO - 29160 - azureml.train.automl._model_download_utilities._log_activity:89 - ActivityCompleted: Activity=DownloadModel, HowEnded=Success, Duration=499.58[ms]
2024-02-01 01:59:21.653 - INFO - 29160 - azureml.train.automl.run._log_activity:89 - ActivityCompleted: Activity=GetOutput, HowEnded=Success, Duration=759.7[ms]
2024-02-01 02:18:53.957 - INFO - 29160 - azureml.train.automl.run._log_activity:55 - ActivityStarted: GetOutput
2024-02-01 02:18:54.002 - INFO - 29160 - azureml.train.automl.run._log_activity:55 - ActivityStarted: GetOutput
2024-02-01 02:18:54.042 - INFO - 29160 - azureml.train.automl.run._log_activity:55 - ActivityStarted: GetChildren
2024-02-01 02:18:54.233 - INFO - 29160 - azureml.train.automl.run._log_activity:89 - ActivityCompleted: Activity=GetChildren, HowEnded=Success, Duration=190.7[ms]
2024-02-01 02:18:54.311 - INFO - 29160 - azureml.train.automl.run._log_activity:89 - ActivityCompleted: Activity=GetOutput, HowEnded=Success, Duration=308.93[ms]
2024-02-01 02:18:54.317 - INFO - 29160 - azureml.train.automl._model_download_utilities._log_activity:55 - ActivityStarted: DownloadModel
2024-02-01 02:18:55.032 - INFO - 29160 - azureml.automl.runtime.featurization.data_transformer.__init__:190 - Feature sweeping enabled: False
2024-02-01 02:18:55.043 - INFO - 29160 - azureml.automl.runtime.featurization.data_transformer.__init__:191 - Feature sweeping timeout: 86400
2024-02-01 02:18:55.207 - INFO - 29160 - azureml.train.automl._model_download_utilities._log_activity:89 - ActivityCompleted: Activity=DownloadModel, HowEnded=Success, Duration=889.8[ms]
2024-02-01 02:18:55.243 - INFO - 29160 - azureml.train.automl.run._log_activity:89 - ActivityCompleted: Activity=GetOutput, HowEnded=Success, Duration=1285.41[ms]
2024-02-01 02:18:58.351 - INFO - 29160 - azureml.train.automl.run._log_activity:55 - ActivityStarted: RegisterModel
2024-02-01 02:18:58.390 - INFO - 29160 - azureml.train.automl.run._log_activity:55 - ActivityStarted: GetChildren
2024-02-01 02:18:58.544 - INFO - 29160 - azureml.train.automl.run._log_activity:89 - ActivityCompleted: Activity=GetChildren, HowEnded=Success, Duration=154.37[ms]
2024-02-01 02:19:00.462 - INFO - 29160 - azureml.train.automl.run._log_activity:89 - ActivityCompleted: Activity=RegisterModel, HowEnded=Success, Duration=2110.75[ms]
